
*** Running vivado
    with args -log design_main_project_xlconcat_0_3.vds -m64 -product Vivado -mode batch -messageDb vivado.pb -notrace -source design_main_project_xlconcat_0_3.tcl


****** Vivado v2016.4 (64-bit)
  **** SW Build 1756540 on Mon Jan 23 19:11:23 MST 2017
  **** IP Build 1755317 on Mon Jan 23 20:30:07 MST 2017
    ** Copyright 1986-2016 Xilinx, Inc. All Rights Reserved.

source design_main_project_xlconcat_0_3.tcl -notrace
Starting Synthesize : Time (s): cpu = 00:00:10 ; elapsed = 00:00:15 . Memory (MB): peak = 295.555 ; gain = 85.270
INFO: [Synth 8-638] synthesizing module 'design_main_project_xlconcat_0_3' [c:/Users/life/project_1/project_1.srcs/sources_1/bd/design_main_project/ip/design_main_project_xlconcat_0_3/synth/design_main_project_xlconcat_0_3.v:58]
INFO: [Synth 8-638] synthesizing module 'xlconcat' [c:/Users/life/project_1/project_1.srcs/sources_1/bd/design_main_project/ipshared/2e37/xlconcat.v:14]
INFO: [Synth 8-256] done synthesizing module 'xlconcat' (1#1) [c:/Users/life/project_1/project_1.srcs/sources_1/bd/design_main_project/ipshared/2e37/xlconcat.v:14]
INFO: [Synth 8-256] done synthesizing module 'design_main_project_xlconcat_0_3' (2#1) [c:/Users/life/project_1/project_1.srcs/sources_1/bd/design_main_project/ip/design_main_project_xlconcat_0_3/synth/design_main_project_xlconcat_0_3.v:58]
Finished Synthesize : Time (s): cpu = 00:00:11 ; elapsed = 00:00:16 . Memory (MB): peak = 332.949 ; gain = 122.664
Finished Constraint Validation : Time (s): cpu = 00:00:12 ; elapsed = 00:00:16 . Memory (MB): peak = 332.949 ; gain = 122.664
Finished Loading Part and Timing Information : Time (s): cpu = 00:00:12 ; elapsed = 00:00:16 . Memory (MB): peak = 332.949 ; gain = 122.664
Finished RTL Optimization Phase 2 : Time (s): cpu = 00:00:12 ; elapsed = 00:00:16 . Memory (MB): peak = 332.949 ; gain = 122.664
INFO: [Device 21-403] Loading part xc7a35tcpg236-1
Finished Cross Boundary and Area Optimization : Time (s): cpu = 00:00:16 ; elapsed = 00:00:21 . Memory (MB): peak = 434.621 ; gain = 224.336
Finished Timing Optimization : Time (s): cpu = 00:00:16 ; elapsed = 00:00:21 . Memory (MB): peak = 434.621 ; gain = 224.336
Finished Technology Mapping : Time (s): cpu = 00:00:16 ; elapsed = 00:00:21 . Memory (MB): peak = 435.828 ; gain = 225.543
Finished IO Insertion : Time (s): cpu = 00:00:17 ; elapsed = 00:00:21 . Memory (MB): peak = 435.828 ; gain = 225.543
Finished Renaming Generated Instances : Time (s): cpu = 00:00:17 ; elapsed = 00:00:21 . Memory (MB): peak = 435.828 ; gain = 225.543
Finished Rebuilding User Hierarchy : Time (s): cpu = 00:00:17 ; elapsed = 00:00:21 . Memory (MB): peak = 435.828 ; gain = 225.543
Finished Renaming Generated Ports : Time (s): cpu = 00:00:17 ; elapsed = 00:00:21 . Memory (MB): peak = 435.828 ; gain = 225.543
Finished Handling Custom Attributes : Time (s): cpu = 00:00:17 ; elapsed = 00:00:21 . Memory (MB): peak = 435.828 ; gain = 225.543
Finished Renaming Generated Nets : Time (s): cpu = 00:00:17 ; elapsed = 00:00:21 . Memory (MB): peak = 435.828 ; gain = 225.543

Report Cell Usage: 
+-+-----+------+
| |Cell |Count |
+-+-----+------+
+-+-----+------+
Finished Writing Synthesis Report : Time (s): cpu = 00:00:17 ; elapsed = 00:00:21 . Memory (MB): peak = 435.828 ; gain = 225.543
synth_design: Time (s): cpu = 00:00:14 ; elapsed = 00:00:16 . Memory (MB): peak = 515.270 ; gain = 294.883
write_checkpoint: Time (s): cpu = 00:00:17 ; elapsed = 00:00:17 . Memory (MB): peak = 898.152 ; gain = 382.883
